<?xml version="1.0" encoding="UTF-8"?>
<!-- Generated by org.testng.reporters.JUnitReportReporter -->
<testsuite hostname="DESKTOP-TJ51LA8" failures="0" tests="1" name="com.Actitime.TestScripts.CreateCustomer" time="10.002" errors="0" timestamp="2024-08-20T09:13:49 IST" skipped="0">
  <testcase classname="com.Actitime.TestScripts.CreateCustomer" name="createCustomer" time="10.002"/>
  <system-out>
    <![CDATA[test script passed successfully]]>
  </system-out>
</testsuite> <!-- com.Actitime.TestScripts.CreateCustomer -->
